0 info it worked if it ends with ok
1 verbose cli [ 'C:\\Program Files\\nodejs\\node.exe',
1 verbose cli   'C:\\Users\\win7\\AppData\\Roaming\\npm\\node_modules\\npm\\bin\\npm-cli.js',
1 verbose cli   'run',
1 verbose cli   'watch' ]
2 info using npm@3.10.7
3 info using node@v8.4.0
4 verbose run-script [ 'prewatch', 'watch', 'postwatch' ]
5 info lifecycle build@1.0.0~prewatch: build@1.0.0
6 silly lifecycle build@1.0.0~prewatch: no script for prewatch, continuing
7 info lifecycle build@1.0.0~watch: build@1.0.0
8 verbose lifecycle build@1.0.0~watch: unsafe-perm in lifecycle true
9 verbose lifecycle build@1.0.0~watch: PATH: C:\Users\win7\AppData\Roaming\npm\node_modules\npm\bin\node-gyp-bin;F:\study\scroxtBeta\node_modules\.bin;C:\soft\ImageMagick-7.0.1-Q16;C:\Program Files (x86)\Common Files\Intel\Shared Files\cpp\bin\Intel64;C:\Windows\system32;C:\Windows;C:\Windows\System32\Wbem;C:\Windows\System32\WindowsPowerShell\v1.0\;C:\Program Files (x86)\NVIDIA Corporation\PhysX\Common;C:\WINDOWS\system32;C:\WINDOWS;C:\WINDOWS\System32\Wbem;C:\WINDOWS\System32\WindowsPowerShell\v1.0\;C:\soft\Git\cmd;C:\soft\TortoiseSVN\bin;F:\study\php\apache\bin;C:\Program Files (x86)\Yarn\bin;C:\Users\win7\AppData\Roaming\nvm;C:\Program Files\nodejs;C:\Program Files\Microsoft\Web Platform Installer\;F:\wamp\bin\mysql\mysql5.7.14;C:\Program Files\nodejs\;C:\soft\Ruby64\bin;C:\Users\win7\AppData\Local\atom\bin;C:\Users\win7\AppData\Local\Microsoft\WindowsApps;C:\Program Files (x86)\SSH Communications Security\SSH Secure Shell;C:\Users\win7\AppData\Local\Yarn\bin;C:\Users\win7\AppData\Roaming\nvm;C:\Program Files\nodejs;C:\Users\win7\AppData\Local\Programs\Fiddler;C:\Users\win7\AppData\Roaming\npm
10 verbose lifecycle build@1.0.0~watch: CWD: F:\study\scroxtBeta
11 silly lifecycle build@1.0.0~watch: Args: [ '/d /s /c', 'cross-env NODE_ENV=dev webpack --watch' ]
12 silly lifecycle build@1.0.0~watch: Returned: code: 3221225786  signal: null
13 info lifecycle build@1.0.0~watch: Failed to exec watch script
14 verbose stack Error: build@1.0.0 watch: `cross-env NODE_ENV=dev webpack --watch`
14 verbose stack Exit status 3221225786
14 verbose stack     at EventEmitter.<anonymous> (C:\Users\win7\AppData\Roaming\npm\node_modules\npm\lib\utils\lifecycle.js:255:16)
14 verbose stack     at emitTwo (events.js:125:13)
14 verbose stack     at EventEmitter.emit (events.js:213:7)
14 verbose stack     at ChildProcess.<anonymous> (C:\Users\win7\AppData\Roaming\npm\node_modules\npm\lib\utils\spawn.js:40:14)
14 verbose stack     at emitTwo (events.js:125:13)
14 verbose stack     at ChildProcess.emit (events.js:213:7)
14 verbose stack     at maybeClose (internal/child_process.js:927:16)
14 verbose stack     at Process.ChildProcess._handle.onexit (internal/child_process.js:211:5)
15 verbose pkgid build@1.0.0
16 verbose cwd F:\study\scroxtBeta
17 error Windows_NT 10.0.14393
18 error argv "C:\\Program Files\\nodejs\\node.exe" "C:\\Users\\win7\\AppData\\Roaming\\npm\\node_modules\\npm\\bin\\npm-cli.js" "run" "watch"
19 error node v8.4.0
20 error npm  v3.10.7
21 error code ELIFECYCLE
22 error build@1.0.0 watch: `cross-env NODE_ENV=dev webpack --watch`
22 error Exit status 3221225786
23 error Failed at the build@1.0.0 watch script 'cross-env NODE_ENV=dev webpack --watch'.
23 error Make sure you have the latest version of node.js and npm installed.
23 error If you do, this is most likely a problem with the build package,
23 error not with npm itself.
23 error Tell the author that this fails on your system:
23 error     cross-env NODE_ENV=dev webpack --watch
23 error You can get information on how to open an issue for this project with:
23 error     npm bugs build
23 error Or if that isn't available, you can get their info via:
23 error     npm owner ls build
23 error There is likely additional logging output above.
24 verbose exit [ 1, true ]
